<?xml version="1.0" encoding="UTF-8"?>
<testsuite xmlns:xsi="http://www.w3.org/2001/XMLSchema-instance" xsi:noNamespaceSchemaLocation="https://maven.apache.org/surefire/maven-surefire-plugin/xsd/surefire-test-report-3.0.xsd" version="3.0" name="com.example.dockerproject.DockerprojectApplicationTests" time="13.594" tests="1" errors="0" skipped="0" failures="0">
  <properties>
[...]
</properties>
  <testcase name="contextLoads" classname="com.example.dockerproject.DockerprojectApplicationTests" time="4.436">
    <system-out><![CDATA[12:56:37.626 [main] INFO org.springframework.test.context.support.AnnotationConfigContextLoaderUtils -- Could not detect default configuration classes for test class [com.example.dockerproject.DockerprojectApplicationTests]: DockerprojectApplicationTests does not declare any static, non-private, non-final, nested classes annotated with @Configuration.
12:56:38.199 [main] INFO org.springframework.boot.test.context.SpringBootTestContextBootstrapper -- Found @SpringBootConfiguration com.example.dockerproject.DockerprojectApplication for test class com.example.dockerproject.DockerprojectApplicationTests

  .   ____          _            __ _ _
 /\\ / ___'_ __ _ _(_)_ __  __ _ \ \ \ \
( ( )\___ | '_ | '_| | '_ \/ _` | \ \ \ \
 \\/  ___)| |_)| | | | | || (_| |  ) ) ) )
  '  |____| .__|_| |_|_| |_\__, | / / / /
 =========|_|==============|___/=/_/_/_/

 :: Spring Boot ::                (v3.3.4)

2024-10-09T12:56:40.382+05:30  INFO 39892 --- [dockerproject] [           main] c.e.d.DockerprojectApplicationTests      : Starting DockerprojectApplicationTests using Java 17.0.12 with PID 39892 (started by DKUMA110 in C:\Users\DKUMA110\Desktop\My project\Project\dockerproject)
2024-10-09T12:56:40.388+05:30  INFO 39892 --- [dockerproject] [           main] c.e.d.DockerprojectApplicationTests      : No active profile set, falling back to 1 default profile: "default"
2024-10-09T12:56:45.807+05:30  INFO 39892 --- [dockerproject] [           main] c.e.d.DockerprojectApplicationTests      : Started DockerprojectApplicationTests in 6.689 seconds (process running for 12.083)
]]></system-out>
  </testcase>
</testsuite>